[0.477s] Invoking command in '/aichallenge/workspace/src/aichallenge_submit/casadi_planner': PYTHONPATH=/aichallenge/build/casadi_planner/prefix_override:/aichallenge/install/casadi_planner/lib/python3.10/site-packages:${PYTHONPATH} /usr/bin/python3 -W ignore:setup.py install is deprecated setup.py egg_info --egg-base ../../../../build/casadi_planner build --build-base /aichallenge/build/casadi_planner/build install --record /aichallenge/build/casadi_planner/install.log --single-version-externally-managed install_data
[0.660s] running egg_info
[0.661s] creating ../../../../build/casadi_planner/casadi_planner.egg-info
[0.661s] writing ../../../../build/casadi_planner/casadi_planner.egg-info/PKG-INFO
[0.661s] writing dependency_links to ../../../../build/casadi_planner/casadi_planner.egg-info/dependency_links.txt
[0.661s] writing entry points to ../../../../build/casadi_planner/casadi_planner.egg-info/entry_points.txt
[0.661s] writing requirements to ../../../../build/casadi_planner/casadi_planner.egg-info/requires.txt
[0.661s] writing top-level names to ../../../../build/casadi_planner/casadi_planner.egg-info/top_level.txt
[0.661s] writing manifest file '../../../../build/casadi_planner/casadi_planner.egg-info/SOURCES.txt'
[0.662s] reading manifest file '../../../../build/casadi_planner/casadi_planner.egg-info/SOURCES.txt'
[0.662s] writing manifest file '../../../../build/casadi_planner/casadi_planner.egg-info/SOURCES.txt'
[0.662s] running build
[0.662s] running build_py
[0.662s] creating /aichallenge/build/casadi_planner/build
[0.662s] creating /aichallenge/build/casadi_planner/build/lib
[0.663s] creating /aichallenge/build/casadi_planner/build/lib/casadi_planner
[0.663s] copying casadi_planner/casadi_planner.py -> /aichallenge/build/casadi_planner/build/lib/casadi_planner
[0.663s] copying casadi_planner/__init__.py -> /aichallenge/build/casadi_planner/build/lib/casadi_planner
[0.663s] running install
[0.663s] running install_lib
[0.663s] creating /aichallenge/install/casadi_planner/lib/python3.10/site-packages/casadi_planner
[0.663s] copying /aichallenge/build/casadi_planner/build/lib/casadi_planner/casadi_planner.py -> /aichallenge/install/casadi_planner/lib/python3.10/site-packages/casadi_planner
[0.663s] copying /aichallenge/build/casadi_planner/build/lib/casadi_planner/__init__.py -> /aichallenge/install/casadi_planner/lib/python3.10/site-packages/casadi_planner
[0.664s] byte-compiling /aichallenge/install/casadi_planner/lib/python3.10/site-packages/casadi_planner/casadi_planner.py to casadi_planner.cpython-310.pyc
[0.664s] byte-compiling /aichallenge/install/casadi_planner/lib/python3.10/site-packages/casadi_planner/__init__.py to __init__.cpython-310.pyc
[0.664s] running install_data
[0.664s] creating /aichallenge/install/casadi_planner/share/ament_index
[0.664s] creating /aichallenge/install/casadi_planner/share/ament_index/resource_index
[0.664s] creating /aichallenge/install/casadi_planner/share/ament_index/resource_index/packages
[0.664s] copying resource/casadi_planner -> /aichallenge/install/casadi_planner/share/ament_index/resource_index/packages
[0.664s] copying package.xml -> /aichallenge/install/casadi_planner/share/casadi_planner
[0.664s] running install_egg_info
[0.665s] Copying ../../../../build/casadi_planner/casadi_planner.egg-info to /aichallenge/install/casadi_planner/lib/python3.10/site-packages/casadi_planner-0.0.0-py3.10.egg-info
[0.666s] running install_scripts
[0.681s] Installing casadi_planner script to /aichallenge/install/casadi_planner/lib/casadi_planner
[0.681s] writing list of installed files to '/aichallenge/build/casadi_planner/install.log'
[0.693s] Invoked command in '/aichallenge/workspace/src/aichallenge_submit/casadi_planner' returned '0': PYTHONPATH=/aichallenge/build/casadi_planner/prefix_override:/aichallenge/install/casadi_planner/lib/python3.10/site-packages:${PYTHONPATH} /usr/bin/python3 -W ignore:setup.py install is deprecated setup.py egg_info --egg-base ../../../../build/casadi_planner build --build-base /aichallenge/build/casadi_planner/build install --record /aichallenge/build/casadi_planner/install.log --single-version-externally-managed install_data
