[0.503s] Invoking command in '/aichallenge/workspace/src/aichallenge_submit/casadi_planner': PYTHONPATH=/aichallenge/build/casadi_planner/prefix_override:/aichallenge/install/casadi_planner/lib/python3.10/site-packages:${PYTHONPATH} /usr/bin/python3 -W ignore:setup.py install is deprecated setup.py egg_info --egg-base ../../../../build/casadi_planner build --build-base /aichallenge/build/casadi_planner/build install --record /aichallenge/build/casadi_planner/install.log --single-version-externally-managed install_data
[0.685s] running egg_info
[0.685s] writing ../../../../build/casadi_planner/casadi_planner.egg-info/PKG-INFO
[0.686s] writing dependency_links to ../../../../build/casadi_planner/casadi_planner.egg-info/dependency_links.txt
[0.686s] writing entry points to ../../../../build/casadi_planner/casadi_planner.egg-info/entry_points.txt
[0.686s] writing requirements to ../../../../build/casadi_planner/casadi_planner.egg-info/requires.txt
[0.686s] writing top-level names to ../../../../build/casadi_planner/casadi_planner.egg-info/top_level.txt
[0.687s] reading manifest file '../../../../build/casadi_planner/casadi_planner.egg-info/SOURCES.txt'
[0.687s] writing manifest file '../../../../build/casadi_planner/casadi_planner.egg-info/SOURCES.txt'
[0.687s] running build
[0.687s] running build_py
[0.687s] running install
[0.688s] running install_lib
[0.688s] running install_data
[0.688s] running install_egg_info
[0.690s] removing '/aichallenge/install/casadi_planner/lib/python3.10/site-packages/casadi_planner-0.0.0-py3.10.egg-info' (and everything under it)
[0.690s] Copying ../../../../build/casadi_planner/casadi_planner.egg-info to /aichallenge/install/casadi_planner/lib/python3.10/site-packages/casadi_planner-0.0.0-py3.10.egg-info
[0.690s] running install_scripts
[0.705s] Installing casadi_planner script to /aichallenge/install/casadi_planner/lib/casadi_planner
[0.705s] writing list of installed files to '/aichallenge/build/casadi_planner/install.log'
[0.718s] Invoked command in '/aichallenge/workspace/src/aichallenge_submit/casadi_planner' returned '0': PYTHONPATH=/aichallenge/build/casadi_planner/prefix_override:/aichallenge/install/casadi_planner/lib/python3.10/site-packages:${PYTHONPATH} /usr/bin/python3 -W ignore:setup.py install is deprecated setup.py egg_info --egg-base ../../../../build/casadi_planner build --build-base /aichallenge/build/casadi_planner/build install --record /aichallenge/build/casadi_planner/install.log --single-version-externally-managed install_data
